<?xml version="1.0" encoding="UTF-8"?>
<testng-results skipped="0" failed="0" total="1" passed="1">
  <reporter-output>
  </reporter-output>
  <suite name="FirstTest" duration-ms="5509" started-at="2015-02-02T15:24:10Z" finished-at="2015-02-02T15:24:16Z">
    <groups>
    </groups>
    <test name="Command line test" duration-ms="5509" started-at="2015-02-02T15:24:10Z" finished-at="2015-02-02T15:24:16Z">
      <class name="FirstTest">
        <test-method status="PASS" signature="main()" name="main" duration-ms="5502" started-at="2015-02-02T15:24:10Z" finished-at="2015-02-02T15:24:16Z">
        </test-method>
      </class>
    </test>
  </suite>
</testng-results>
